<?xml version="1.0" encoding="UTF-8"?>
<!-- Generated by org.testng.reporters.JUnitXMLReporter -->
<testsuite hostname="CSPC136" failures="10" tests="10" name="LoginTest" time="0.231" errors="0" timestamp="7 Mar 2022 11:38:06 GMT">
  <testcase classname="test.LoginTest" name="open_the_LoginPage_Url" time="0.101">
    <failure type="java.lang.NoClassDefFoundError" message="com/google/common/collect/ImmutableMap">
      <![CDATA[java.lang.NoClassDefFoundError: com/google/common/collect/ImmutableMap
	at org.openqa.selenium.chrome.ChromeDriver$ChromeDriverCommandExecutor.getExtraCommands(ChromeDriver.java:122)
	at org.openqa.selenium.chrome.ChromeDriver$ChromeDriverCommandExecutor.<init>(ChromeDriver.java:118)
	at org.openqa.selenium.chrome.ChromeDriver.<init>(ChromeDriver.java:106)
	at org.openqa.selenium.chrome.ChromeDriver.<init>(ChromeDriver.java:93)
	at org.openqa.selenium.chrome.ChromeDriver.<init>(ChromeDriver.java:48)
	at test.LoginTest.open_the_LoginPage_Url(LoginTest.java:19)
Caused by: java.lang.ClassNotFoundException: com.google.common.collect.ImmutableMap
	at java.base/jdk.internal.loader.BuiltinClassLoader.loadClass(BuiltinClassLoader.java:582)
	at java.base/jdk.internal.loader.ClassLoaders$AppClassLoader.loadClass(ClassLoaders.java:185)
	at java.base/java.lang.ClassLoader.loadClass(ClassLoader.java:496)
	... 31 more
... Removed 25 stack frames]]>
    </failure>
  </testcase> <!-- open_the_LoginPage_Url -->
  <testcase classname="test.LoginTest" name="enter_valid_username_and_invalid_password" time="0.04">
    <failure type="java.lang.NullPointerException">
      <![CDATA[java.lang.NullPointerException
	at org.openqa.selenium.support.pagefactory.DefaultElementLocator.findElement(DefaultElementLocator.java:70)
	at org.openqa.selenium.support.pagefactory.internal.LocatingElementHandler.invoke(LocatingElementHandler.java:39)
	at com.sun.proxy.$Proxy9.clear(Unknown Source)
	at page.LoginPage.email(LoginPage.java:21)
	at test.LoginTest.enter_valid_username_and_invalid_password(LoginTest.java:29)
... Removed 25 stack frames]]>
    </failure>
  </testcase> <!-- enter_valid_username_and_invalid_password -->
  <testcase classname="test.LoginTest" name="enter_invalid_username_and_valid_password" time="0.004">
    <failure type="java.lang.NullPointerException">
      <![CDATA[java.lang.NullPointerException
	at org.openqa.selenium.support.pagefactory.DefaultElementLocator.findElement(DefaultElementLocator.java:70)
	at org.openqa.selenium.support.pagefactory.internal.LocatingElementHandler.invoke(LocatingElementHandler.java:39)
	at com.sun.proxy.$Proxy9.clear(Unknown Source)
	at page.LoginPage.email(LoginPage.java:21)
	at test.LoginTest.enter_invalid_username_and_valid_password(LoginTest.java:40)
... Removed 25 stack frames]]>
    </failure>
  </testcase> <!-- enter_invalid_username_and_valid_password -->
  <testcase classname="test.LoginTest" name="enter_valid_username_and_empty_password" time="0.005">
    <failure type="java.lang.NullPointerException">
      <![CDATA[java.lang.NullPointerException
	at org.openqa.selenium.support.pagefactory.DefaultElementLocator.findElement(DefaultElementLocator.java:70)
	at org.openqa.selenium.support.pagefactory.internal.LocatingElementHandler.invoke(LocatingElementHandler.java:39)
	at com.sun.proxy.$Proxy9.clear(Unknown Source)
	at page.LoginPage.email(LoginPage.java:21)
	at test.LoginTest.enter_valid_username_and_empty_password(LoginTest.java:51)
... Removed 25 stack frames]]>
    </failure>
  </testcase> <!-- enter_valid_username_and_empty_password -->
  <testcase classname="test.LoginTest" name="enter_invalid_username_and_empty_password" time="0.005">
    <failure type="java.lang.NullPointerException">
      <![CDATA[java.lang.NullPointerException
	at org.openqa.selenium.support.pagefactory.DefaultElementLocator.findElement(DefaultElementLocator.java:70)
	at org.openqa.selenium.support.pagefactory.internal.LocatingElementHandler.invoke(LocatingElementHandler.java:39)
	at com.sun.proxy.$Proxy9.clear(Unknown Source)
	at page.LoginPage.email(LoginPage.java:21)
	at test.LoginTest.enter_invalid_username_and_empty_password(LoginTest.java:62)
... Removed 25 stack frames]]>
    </failure>
  </testcase> <!-- enter_invalid_username_and_empty_password -->
  <testcase classname="test.LoginTest" name="enter_empty_username_and_valid_password" time="0.005">
    <failure type="java.lang.NullPointerException">
      <![CDATA[java.lang.NullPointerException
	at org.openqa.selenium.support.pagefactory.DefaultElementLocator.findElement(DefaultElementLocator.java:70)
	at org.openqa.selenium.support.pagefactory.internal.LocatingElementHandler.invoke(LocatingElementHandler.java:39)
	at com.sun.proxy.$Proxy9.clear(Unknown Source)
	at page.LoginPage.email(LoginPage.java:21)
	at test.LoginTest.enter_empty_username_and_valid_password(LoginTest.java:73)
... Removed 25 stack frames]]>
    </failure>
  </testcase> <!-- enter_empty_username_and_valid_password -->
  <testcase classname="test.LoginTest" name="enter_empty_username_and_invalid_password" time="0.005">
    <failure type="java.lang.NullPointerException">
      <![CDATA[java.lang.NullPointerException
	at org.openqa.selenium.support.pagefactory.DefaultElementLocator.findElement(DefaultElementLocator.java:70)
	at org.openqa.selenium.support.pagefactory.internal.LocatingElementHandler.invoke(LocatingElementHandler.java:39)
	at com.sun.proxy.$Proxy9.clear(Unknown Source)
	at page.LoginPage.email(LoginPage.java:21)
	at test.LoginTest.enter_empty_username_and_invalid_password(LoginTest.java:84)
... Removed 25 stack frames]]>
    </failure>
  </testcase> <!-- enter_empty_username_and_invalid_password -->
  <testcase classname="test.LoginTest" name="enter_empty_username_and_empty_password" time="0.003">
    <failure type="java.lang.NullPointerException">
      <![CDATA[java.lang.NullPointerException
	at org.openqa.selenium.support.pagefactory.DefaultElementLocator.findElement(DefaultElementLocator.java:70)
	at org.openqa.selenium.support.pagefactory.internal.LocatingElementHandler.invoke(LocatingElementHandler.java:39)
	at com.sun.proxy.$Proxy9.clear(Unknown Source)
	at page.LoginPage.email(LoginPage.java:21)
	at test.LoginTest.enter_empty_username_and_empty_password(LoginTest.java:95)
... Removed 25 stack frames]]>
    </failure>
  </testcase> <!-- enter_empty_username_and_empty_password -->
  <testcase classname="test.LoginTest" name="enter_invalid_username_and_invalid_password" time="0.004">
    <failure type="java.lang.NullPointerException">
      <![CDATA[java.lang.NullPointerException
	at org.openqa.selenium.support.pagefactory.DefaultElementLocator.findElement(DefaultElementLocator.java:70)
	at org.openqa.selenium.support.pagefactory.internal.LocatingElementHandler.invoke(LocatingElementHandler.java:39)
	at com.sun.proxy.$Proxy9.clear(Unknown Source)
	at page.LoginPage.email(LoginPage.java:21)
	at test.LoginTest.enter_invalid_username_and_invalid_password(LoginTest.java:106)
... Removed 25 stack frames]]>
    </failure>
  </testcase> <!-- enter_invalid_username_and_invalid_password -->
  <testcase classname="test.LoginTest" name="enter_valid_username_and_valid_password" time="0.002">
    <failure type="java.lang.NullPointerException">
      <![CDATA[java.lang.NullPointerException
	at org.openqa.selenium.support.pagefactory.DefaultElementLocator.findElement(DefaultElementLocator.java:70)
	at org.openqa.selenium.support.pagefactory.internal.LocatingElementHandler.invoke(LocatingElementHandler.java:39)
	at com.sun.proxy.$Proxy9.clear(Unknown Source)
	at page.LoginPage.email(LoginPage.java:21)
	at test.LoginTest.enter_valid_username_and_valid_password(LoginTest.java:117)
... Removed 25 stack frames]]>
    </failure>
  </testcase> <!-- enter_valid_username_and_valid_password -->
</testsuite> <!-- LoginTest -->
